0 verbose cli /usr/local/bin/node /usr/local/bin/npm
1 info using npm@10.9.2
2 info using node@v22.16.0
3 silly config load:file:/usr/local/lib/node_modules/npm/npmrc
4 silly config load:file:/Users/amandacorcoran/Documents/patternpal-pro/.npmrc
5 silly config load:file:/Users/amandacorcoran/.npmrc
6 silly config load:file:/usr/local/etc/npmrc
7 verbose title npm install @clerk/nextjs stripe @stripe/stripe-js @stripe/react-stripe-js
8 verbose argv "install" "@clerk/nextjs" "stripe" "@stripe/stripe-js" "@stripe/react-stripe-js" "--cache" "/Users/amandacorcoran/Documents/patternpal-pro/.npm-cache"
9 verbose logfile logs-max:10 dir:/Users/amandacorcoran/Documents/patternpal-pro/.npm-cache/_logs/2026-01-21T13_51_55_259Z-
10 verbose logfile /Users/amandacorcoran/Documents/patternpal-pro/.npm-cache/_logs/2026-01-21T13_51_55_259Z-debug-0.log
11 silly logfile done cleaning log files
12 silly packumentCache heap:4345298944 maxSize:1086324736 maxEntrySize:543162368
13 silly idealTree buildDeps
14 silly fetch manifest @clerk/nextjs@*
15 silly packumentCache full:https://registry.npmjs.org/@clerk%2fnextjs cache-miss
16 http fetch GET 200 https://registry.npmjs.org/@clerk%2fnextjs 643ms (cache miss)
17 silly packumentCache full:https://registry.npmjs.org/@clerk%2fnextjs set size:undefined disposed:false
18 silly fetch manifest next@^16.0.7
19 silly packumentCache full:https://registry.npmjs.org/next cache-miss
20 http fetch GET 200 https://registry.npmjs.org/next 328ms (cache miss)
21 silly packumentCache full:https://registry.npmjs.org/next set size:undefined disposed:false
22 silly fetch manifest @opentelemetry/api@^1.1.0
23 silly packumentCache full:https://registry.npmjs.org/@opentelemetry%2fapi cache-miss
24 http fetch GET 200 https://registry.npmjs.org/@opentelemetry%2fapi 59ms (cache miss)
25 silly packumentCache full:https://registry.npmjs.org/@opentelemetry%2fapi set size:undefined disposed:false
26 silly fetch manifest @playwright/test@^1.51.1
27 silly packumentCache full:https://registry.npmjs.org/@playwright%2ftest cache-miss
28 http fetch GET 200 https://registry.npmjs.org/@playwright%2ftest 137ms (cache miss)
29 silly packumentCache full:https://registry.npmjs.org/@playwright%2ftest set size:undefined disposed:false
30 silly fetch manifest babel-plugin-react-compiler@*
31 silly packumentCache full:https://registry.npmjs.org/babel-plugin-react-compiler cache-miss
32 http fetch GET 200 https://registry.npmjs.org/babel-plugin-react-compiler 36ms (cache miss)
33 silly packumentCache full:https://registry.npmjs.org/babel-plugin-react-compiler set size:undefined disposed:false
34 silly fetch manifest react@^19.2.1
35 silly packumentCache full:https://registry.npmjs.org/react cache-miss
36 http fetch GET 200 https://registry.npmjs.org/react 102ms (cache miss)
37 silly packumentCache full:https://registry.npmjs.org/react set size:undefined disposed:false
38 silly fetch manifest react-dom@^19.2.1
39 silly packumentCache full:https://registry.npmjs.org/react-dom cache-miss
40 http fetch GET 200 https://registry.npmjs.org/react-dom 108ms (cache miss)
41 silly packumentCache full:https://registry.npmjs.org/react-dom set size:undefined disposed:false
42 silly fetch manifest sass@^1.3.0
43 silly packumentCache full:https://registry.npmjs.org/sass cache-miss
44 http fetch GET 200 https://registry.npmjs.org/sass 38ms (cache miss)
45 silly packumentCache full:https://registry.npmjs.org/sass set size:undefined disposed:false
46 silly fetch manifest stripe@*
47 silly packumentCache full:https://registry.npmjs.org/stripe cache-miss
48 http fetch GET 200 https://registry.npmjs.org/stripe 49ms (cache miss)
49 silly packumentCache full:https://registry.npmjs.org/stripe set size:undefined disposed:false
50 silly fetch manifest @types/node@^20
51 silly packumentCache full:https://registry.npmjs.org/@types%2fnode cache-miss
52 http fetch GET 200 https://registry.npmjs.org/@types%2fnode 170ms (cache miss)
53 silly packumentCache full:https://registry.npmjs.org/@types%2fnode set size:undefined disposed:false
54 silly fetch manifest @stripe/stripe-js@*
55 silly packumentCache full:https://registry.npmjs.org/@stripe%2fstripe-js cache-miss
56 http fetch GET 200 https://registry.npmjs.org/@stripe%2fstripe-js 49ms (cache miss)
57 silly packumentCache full:https://registry.npmjs.org/@stripe%2fstripe-js set size:undefined disposed:false
58 silly fetch manifest @stripe/react-stripe-js@*
59 silly packumentCache full:https://registry.npmjs.org/@stripe%2freact-stripe-js cache-miss
60 http fetch GET 200 https://registry.npmjs.org/@stripe%2freact-stripe-js 46ms (cache miss)
61 silly packumentCache full:https://registry.npmjs.org/@stripe%2freact-stripe-js set size:undefined disposed:false
62 silly placeDep ROOT @clerk/nextjs@6.36.8 OK for: patternpal-pro@0.1.0 want: *
63 silly placeDep ROOT react@19.2.3 REPLACE for: @clerk/nextjs@6.36.8 want: ^18.0.0 || ~19.0.3 || ~19.1.4 || ~19.2.3 || ~19.3.0-0
64 silly placeDep ROOT react-dom@19.2.3 REPLACE for: @clerk/nextjs@6.36.8 want: ^18.0.0 || ~19.0.3 || ~19.1.4 || ~19.2.3 || ~19.3.0-0
65 silly placeDep ROOT @stripe/react-stripe-js@5.4.1 OK for: patternpal-pro@0.1.0 want: *
66 silly placeDep ROOT @stripe/stripe-js@8.6.3 OK for: @stripe/react-stripe-js@5.4.1 want: >=8.0.0 <9.0.0
67 silly placeDep ROOT @stripe/stripe-js@8.6.3 REPLACE for: patternpal-pro@0.1.0 want: *
68 silly placeDep ROOT stripe@20.2.0 OK for: patternpal-pro@0.1.0 want: *
69 silly fetch manifest server-only@0.0.1
70 silly packumentCache full:https://registry.npmjs.org/server-only cache-miss
71 silly fetch manifest @clerk/types@^4.101.11
72 silly packumentCache full:https://registry.npmjs.org/@clerk%2ftypes cache-miss
73 silly fetch manifest @clerk/shared@^3.43.0
74 silly packumentCache full:https://registry.npmjs.org/@clerk%2fshared cache-miss
75 silly fetch manifest @clerk/backend@^2.29.3
76 silly packumentCache full:https://registry.npmjs.org/@clerk%2fbackend cache-miss
77 silly fetch manifest @clerk/clerk-react@^5.59.4
78 silly packumentCache full:https://registry.npmjs.org/@clerk%2fclerk-react cache-miss
79 silly fetch manifest qs@^6.14.1
80 silly packumentCache full:https://registry.npmjs.org/qs cache-miss
81 http fetch GET 200 https://registry.npmjs.org/server-only 36ms (cache miss)
82 silly packumentCache full:https://registry.npmjs.org/server-only set size:undefined disposed:false
83 http fetch GET 200 https://registry.npmjs.org/qs 66ms (cache miss)
84 silly packumentCache full:https://registry.npmjs.org/qs set size:undefined disposed:false
85 http fetch GET 200 https://registry.npmjs.org/@clerk%2fshared 361ms (cache miss)
86 silly packumentCache full:https://registry.npmjs.org/@clerk%2fshared set size:undefined disposed:false
87 http fetch GET 200 https://registry.npmjs.org/@clerk%2ftypes 478ms (cache miss)
88 silly packumentCache full:https://registry.npmjs.org/@clerk%2ftypes set size:undefined disposed:false
89 http fetch GET 200 https://registry.npmjs.org/@clerk%2fclerk-react 516ms (cache miss)
90 silly packumentCache full:https://registry.npmjs.org/@clerk%2fclerk-react set size:undefined disposed:false
91 http fetch GET 200 https://registry.npmjs.org/@clerk%2fbackend 578ms (cache miss)
92 silly packumentCache full:https://registry.npmjs.org/@clerk%2fbackend set size:undefined disposed:false
93 silly fetch manifest react@^18.0.0 || ~19.0.3 || ~19.1.4 || ~19.2.3 || ~19.3.0-0
94 silly packumentCache full:https://registry.npmjs.org/react cache-miss
95 http cache https://registry.npmjs.org/react 9ms (cache hit)
96 silly packumentCache full:https://registry.npmjs.org/react set size:6398188 disposed:false
97 silly fetch manifest react-dom@^18.0.0 || ~19.0.3 || ~19.1.4 || ~19.2.3 || ~19.3.0-0
98 silly packumentCache full:https://registry.npmjs.org/react-dom cache-miss
99 http cache https://registry.npmjs.org/react-dom 7ms (cache hit)
100 silly packumentCache full:https://registry.npmjs.org/react-dom set size:8436180 disposed:false
101 silly placeDep ROOT @clerk/backend@2.29.3 OK for: @clerk/nextjs@6.36.8 want: ^2.29.3
102 silly placeDep ROOT @clerk/clerk-react@5.59.4 OK for: @clerk/nextjs@6.36.8 want: ^5.59.4
103 silly placeDep ROOT @clerk/shared@3.43.0 OK for: @clerk/nextjs@6.36.8 want: ^3.43.0
104 silly placeDep ROOT @clerk/types@4.101.11 OK for: @clerk/nextjs@6.36.8 want: ^4.101.11
105 silly placeDep ROOT server-only@0.0.1 OK for: @clerk/nextjs@6.36.8 want: 0.0.1
106 silly fetch manifest standardwebhooks@^1.0.0
107 silly packumentCache full:https://registry.npmjs.org/standardwebhooks cache-miss
108 silly fetch manifest swr@2.3.4
109 silly packumentCache full:https://registry.npmjs.org/swr cache-miss
110 silly fetch manifest dequal@2.0.3
111 silly packumentCache full:https://registry.npmjs.org/dequal cache-miss
112 silly fetch manifest csstype@3.1.3
113 silly packumentCache full:https://registry.npmjs.org/csstype cache-miss
114 silly fetch manifest std-env@^3.9.0
115 silly packumentCache full:https://registry.npmjs.org/std-env cache-miss
116 silly fetch manifest js-cookie@3.0.5
117 silly packumentCache full:https://registry.npmjs.org/js-cookie cache-miss
118 silly fetch manifest glob-to-regexp@0.4.1
119 silly packumentCache full:https://registry.npmjs.org/glob-to-regexp cache-miss
120 http fetch GET 200 https://registry.npmjs.org/standardwebhooks 26ms (cache miss)
121 silly packumentCache full:https://registry.npmjs.org/standardwebhooks set size:undefined disposed:false
122 http fetch GET 200 https://registry.npmjs.org/std-env 28ms (cache miss)
123 silly packumentCache full:https://registry.npmjs.org/std-env set size:undefined disposed:false
124 http fetch GET 200 https://registry.npmjs.org/js-cookie 33ms (cache miss)
125 silly packumentCache full:https://registry.npmjs.org/js-cookie set size:undefined disposed:false
126 http fetch GET 200 https://registry.npmjs.org/dequal 34ms (cache miss)
127 silly packumentCache full:https://registry.npmjs.org/dequal set size:undefined disposed:false
128 http fetch GET 200 https://registry.npmjs.org/csstype 39ms (cache miss)
129 silly packumentCache full:https://registry.npmjs.org/csstype set size:undefined disposed:false
130 http fetch GET 200 https://registry.npmjs.org/swr 51ms (cache miss)
131 silly packumentCache full:https://registry.npmjs.org/swr set size:undefined disposed:false
132 http fetch GET 200 https://registry.npmjs.org/glob-to-regexp 61ms (cache miss)
133 silly packumentCache full:https://registry.npmjs.org/glob-to-regexp set size:undefined disposed:false
134 silly placeDep ROOT standardwebhooks@1.0.0 OK for: @clerk/backend@2.29.3 want: ^1.0.0
135 silly fetch manifest @stablelib/base64@^1.0.0
136 silly packumentCache full:https://registry.npmjs.org/@stablelib%2fbase64 cache-miss
137 silly fetch manifest fast-sha256@^1.3.0
138 silly packumentCache full:https://registry.npmjs.org/fast-sha256 cache-miss
139 http fetch GET 200 https://registry.npmjs.org/fast-sha256 33ms (cache miss)
140 silly packumentCache full:https://registry.npmjs.org/fast-sha256 set size:undefined disposed:false
141 http fetch GET 200 https://registry.npmjs.org/@stablelib%2fbase64 40ms (cache miss)
142 silly packumentCache full:https://registry.npmjs.org/@stablelib%2fbase64 set size:undefined disposed:false
143 silly placeDep node_modules/@clerk/shared csstype@3.1.3 OK for: @clerk/shared@3.43.0 want: 3.1.3
144 silly placeDep ROOT dequal@2.0.3 OK for: @clerk/shared@3.43.0 want: 2.0.3
145 silly placeDep ROOT glob-to-regexp@0.4.1 OK for: @clerk/shared@3.43.0 want: 0.4.1
146 silly placeDep ROOT js-cookie@3.0.5 OK for: @clerk/shared@3.43.0 want: 3.0.5
147 silly placeDep ROOT std-env@3.10.0 OK for: @clerk/shared@3.43.0 want: ^3.9.0
148 silly placeDep ROOT swr@2.3.4 OK for: @clerk/shared@3.43.0 want: 2.3.4
149 silly fetch manifest use-sync-external-store@^1.4.0
150 silly packumentCache full:https://registry.npmjs.org/use-sync-external-store cache-miss
151 http fetch GET 200 https://registry.npmjs.org/use-sync-external-store 88ms (cache miss)
152 silly packumentCache full:https://registry.npmjs.org/use-sync-external-store set size:undefined disposed:false
153 silly placeDep ROOT @stablelib/base64@1.0.1 OK for: standardwebhooks@1.0.0 want: ^1.0.0
154 silly placeDep ROOT fast-sha256@1.3.0 OK for: standardwebhooks@1.0.0 want: ^1.3.0
155 silly placeDep ROOT qs@6.14.1 OK for: stripe@20.2.0 want: ^6.14.1
156 silly fetch manifest react@^16.11.0 || ^17.0.0 || ^18.0.0 || ^19.0.0
157 silly packumentCache full:https://registry.npmjs.org/react cache-miss
158 http cache https://registry.npmjs.org/react 6ms (cache hit)
159 silly packumentCache full:https://registry.npmjs.org/react set size:6398188 disposed:false
160 silly placeDep ROOT use-sync-external-store@1.6.0 OK for: swr@2.3.4 want: ^1.4.0
161 silly reify mark retired [
161 silly reify   '/Users/amandacorcoran/Documents/patternpal-pro/node_modules/@babel/runtime'
161 silly reify ]
162 silly reify mark retired [
162 silly reify   '/Users/amandacorcoran/Documents/patternpal-pro/node_modules/@types/jszip'
162 silly reify ]
163 silly reify mark retired [
163 silly reify   '/Users/amandacorcoran/Documents/patternpal-pro/node_modules/@types/pako'
163 silly reify ]
164 silly reify mark retired [
164 silly reify   '/Users/amandacorcoran/Documents/patternpal-pro/node_modules/@types/raf'
164 silly reify ]
165 silly reify mark retired [
165 silly reify   '/Users/amandacorcoran/Documents/patternpal-pro/node_modules/@types/trusted-types'
165 silly reify ]
166 silly reify mark retired [
166 silly reify   '/Users/amandacorcoran/Documents/patternpal-pro/node_modules/base64-arraybuffer'
166 silly reify ]
167 silly reify mark retired [ '/Users/amandacorcoran/Documents/patternpal-pro/node_modules/canvg' ]
168 silly reify mark retired [
168 silly reify   '/Users/amandacorcoran/Documents/patternpal-pro/node_modules/core-js'
168 silly reify ]
169 silly reify mark retired [
169 silly reify   '/Users/amandacorcoran/Documents/patternpal-pro/node_modules/core-util-is'
169 silly reify ]
170 silly reify mark retired [
170 silly reify   '/Users/amandacorcoran/Documents/patternpal-pro/node_modules/css-line-break'
170 silly reify ]
171 silly reify mark retired [
171 silly reify   '/Users/amandacorcoran/Documents/patternpal-pro/node_modules/dompurify'
171 silly reify ]
172 silly reify mark retired [
172 silly reify   '/Users/amandacorcoran/Documents/patternpal-pro/node_modules/exif-js'
172 silly reify ]
173 silly reify mark retired [
173 silly reify   '/Users/amandacorcoran/Documents/patternpal-pro/node_modules/fast-png'
173 silly reify ]
174 silly reify mark retired [
174 silly reify   '/Users/amandacorcoran/Documents/patternpal-pro/node_modules/fflate'
174 silly reify ]
175 silly reify mark retired [
175 silly reify   '/Users/amandacorcoran/Documents/patternpal-pro/node_modules/html2canvas'
175 silly reify ]
176 silly reify mark retired [
176 silly reify   '/Users/amandacorcoran/Documents/patternpal-pro/node_modules/immediate'
176 silly reify ]
177 silly reify mark retired [
177 silly reify   '/Users/amandacorcoran/Documents/patternpal-pro/node_modules/inherits'
177 silly reify ]
178 silly reify mark retired [
178 silly reify   '/Users/amandacorcoran/Documents/patternpal-pro/node_modules/iobuffer'
178 silly reify ]
179 silly reify mark retired [ '/Users/amandacorcoran/Documents/patternpal-pro/node_modules/jspdf' ]
180 silly reify mark retired [ '/Users/amandacorcoran/Documents/patternpal-pro/node_modules/jszip' ]
181 silly reify mark retired [ '/Users/amandacorcoran/Documents/patternpal-pro/node_modules/lie' ]
182 silly reify mark retired [ '/Users/amandacorcoran/Documents/patternpal-pro/node_modules/pako' ]
183 silly reify mark retired [
183 silly reify   '/Users/amandacorcoran/Documents/patternpal-pro/node_modules/performance-now'
183 silly reify ]
184 silly reify mark retired [
184 silly reify   '/Users/amandacorcoran/Documents/patternpal-pro/node_modules/process-nextick-args'
184 silly reify ]
185 silly reify mark retired [ '/Users/amandacorcoran/Documents/patternpal-pro/node_modules/raf' ]
186 silly reify mark retired [ '/Users/amandacorcoran/Documents/patternpal-pro/node_modules/react' ]
187 silly reify mark retired [
187 silly reify   '/Users/amandacorcoran/Documents/patternpal-pro/node_modules/react-dom'
187 silly reify ]
188 silly reify mark retired [
188 silly reify   '/Users/amandacorcoran/Documents/patternpal-pro/node_modules/readable-stream'
188 silly reify ]
189 silly reify mark retired [
189 silly reify   '/Users/amandacorcoran/Documents/patternpal-pro/node_modules/regenerator-runtime'
189 silly reify ]
190 silly reify mark retired [
190 silly reify   '/Users/amandacorcoran/Documents/patternpal-pro/node_modules/rgbcolor'
190 silly reify ]
191 silly reify mark retired [
191 silly reify   '/Users/amandacorcoran/Documents/patternpal-pro/node_modules/safe-buffer'
191 silly reify ]
192 silly reify mark retired [
192 silly reify   '/Users/amandacorcoran/Documents/patternpal-pro/node_modules/setimmediate'
192 silly reify ]
193 silly reify mark retired [
193 silly reify   '/Users/amandacorcoran/Documents/patternpal-pro/node_modules/stackblur-canvas'
193 silly reify ]
194 silly reify mark retired [
194 silly reify   '/Users/amandacorcoran/Documents/patternpal-pro/node_modules/string_decoder'
194 silly reify ]
195 silly reify mark retired [
195 silly reify   '/Users/amandacorcoran/Documents/patternpal-pro/node_modules/svg-pathdata'
195 silly reify ]
196 silly reify mark retired [
196 silly reify   '/Users/amandacorcoran/Documents/patternpal-pro/node_modules/text-segmentation'
196 silly reify ]
197 silly reify mark retired [
197 silly reify   '/Users/amandacorcoran/Documents/patternpal-pro/node_modules/util-deprecate'
197 silly reify ]
198 silly reify mark retired [ '/Users/amandacorcoran/Documents/patternpal-pro/node_modules/utrie' ]
199 silly reify moves {
199 silly reify   '/Users/amandacorcoran/Documents/patternpal-pro/node_modules/@babel/runtime': '/Users/amandacorcoran/Documents/patternpal-pro/node_modules/@babel/.runtime-CVNq5jHw',
199 silly reify   '/Users/amandacorcoran/Documents/patternpal-pro/node_modules/@types/jszip': '/Users/amandacorcoran/Documents/patternpal-pro/node_modules/@types/.jszip-Os2lslD5',
199 silly reify   '/Users/amandacorcoran/Documents/patternpal-pro/node_modules/@types/pako': '/Users/amandacorcoran/Documents/patternpal-pro/node_modules/@types/.pako-wBQN0blH',
199 silly reify   '/Users/amandacorcoran/Documents/patternpal-pro/node_modules/@types/raf': '/Users/amandacorcoran/Documents/patternpal-pro/node_modules/@types/.raf-HyHEd7R5',
199 silly reify   '/Users/amandacorcoran/Documents/patternpal-pro/node_modules/@types/trusted-types': '/Users/amandacorcoran/Documents/patternpal-pro/node_modules/@types/.trusted-types-h96N1TJg',
199 silly reify   '/Users/amandacorcoran/Documents/patternpal-pro/node_modules/base64-arraybuffer': '/Users/amandacorcoran/Documents/patternpal-pro/node_modules/.base64-arraybuffer-HVUZZY5y',
199 silly reify   '/Users/amandacorcoran/Documents/patternpal-pro/node_modules/canvg': '/Users/amandacorcoran/Documents/patternpal-pro/node_modules/.canvg-cAW2NSwT',
199 silly reify   '/Users/amandacorcoran/Documents/patternpal-pro/node_modules/core-js': '/Users/amandacorcoran/Documents/patternpal-pro/node_modules/.core-js-yy4whPx0',
199 silly reify   '/Users/amandacorcoran/Documents/patternpal-pro/node_modules/core-util-is': '/Users/amandacorcoran/Documents/patternpal-pro/node_modules/.core-util-is-QT3utau5',
199 silly reify   '/Users/amandacorcoran/Documents/patternpal-pro/node_modules/css-line-break': '/Users/amandacorcoran/Documents/patternpal-pro/node_modules/.css-line-break-6caYHWFn',
199 silly reify   '/Users/amandacorcoran/Documents/patternpal-pro/node_modules/dompurify': '/Users/amandacorcoran/Documents/patternpal-pro/node_modules/.dompurify-lMYugYMa',
199 silly reify   '/Users/amandacorcoran/Documents/patternpal-pro/node_modules/exif-js': '/Users/amandacorcoran/Documents/patternpal-pro/node_modules/.exif-js-cwjONto7',
199 silly reify   '/Users/amandacorcoran/Documents/patternpal-pro/node_modules/fast-png': '/Users/amandacorcoran/Documents/patternpal-pro/node_modules/.fast-png-7WoAowfy',
199 silly reify   '/Users/amandacorcoran/Documents/patternpal-pro/node_modules/fflate': '/Users/amandacorcoran/Documents/patternpal-pro/node_modules/.fflate-SGsaLp2S',
199 silly reify   '/Users/amandacorcoran/Documents/patternpal-pro/node_modules/html2canvas': '/Users/amandacorcoran/Documents/patternpal-pro/node_modules/.html2canvas-p4xf1N0t',
199 silly reify   '/Users/amandacorcoran/Documents/patternpal-pro/node_modules/immediate': '/Users/amandacorcoran/Documents/patternpal-pro/node_modules/.immediate-gsk5Az9G',
199 silly reify   '/Users/amandacorcoran/Documents/patternpal-pro/node_modules/inherits': '/Users/amandacorcoran/Documents/patternpal-pro/node_modules/.inherits-FOOv5Z5g',
199 silly reify   '/Users/amandacorcoran/Documents/patternpal-pro/node_modules/iobuffer': '/Users/amandacorcoran/Documents/patternpal-pro/node_modules/.iobuffer-pTZFz2a8',
199 silly reify   '/Users/amandacorcoran/Documents/patternpal-pro/node_modules/jspdf': '/Users/amandacorcoran/Documents/patternpal-pro/node_modules/.jspdf-GyAb799W',
199 silly reify   '/Users/amandacorcoran/Documents/patternpal-pro/node_modules/jszip': '/Users/amandacorcoran/Documents/patternpal-pro/node_modules/.jszip-8fhfnYUN',
199 silly reify   '/Users/amandacorcoran/Documents/patternpal-pro/node_modules/lie': '/Users/amandacorcoran/Documents/patternpal-pro/node_modules/.lie-z8LWBZKq',
199 silly reify   '/Users/amandacorcoran/Documents/patternpal-pro/node_modules/pako': '/Users/amandacorcoran/Documents/patternpal-pro/node_modules/.pako-N1IxAj1o',
199 silly reify   '/Users/amandacorcoran/Documents/patternpal-pro/node_modules/performance-now': '/Users/amandacorcoran/Documents/patternpal-pro/node_modules/.performance-now-7sGTEqBb',
199 silly reify   '/Users/amandacorcoran/Documents/patternpal-pro/node_modules/process-nextick-args': '/Users/amandacorcoran/Documents/patternpal-pro/node_modules/.process-nextick-args-hlF42cKd',
199 silly reify   '/Users/amandacorcoran/Documents/patternpal-pro/node_modules/raf': '/Users/amandacorcoran/Documents/patternpal-pro/node_modules/.raf-JkWIxlUl',
199 silly reify   '/Users/amandacorcoran/Documents/patternpal-pro/node_modules/react': '/Users/amandacorcoran/Documents/patternpal-pro/node_modules/.react-KfBqYfCI',
199 silly reify   '/Users/amandacorcoran/Documents/patternpal-pro/node_modules/react-dom': '/Users/amandacorcoran/Documents/patternpal-pro/node_modules/.react-dom-fEHOsKDP',
199 silly reify   '/Users/amandacorcoran/Documents/patternpal-pro/node_modules/readable-stream': '/Users/amandacorcoran/Documents/patternpal-pro/node_modules/.readable-stream-dpuG0dD7',
199 silly reify   '/Users/amandacorcoran/Documents/patternpal-pro/node_modules/regenerator-runtime': '/Users/amandacorcoran/Documents/patternpal-pro/node_modules/.regenerator-runtime-2oZ6WVOF',
199 silly reify   '/Users/amandacorcoran/Documents/patternpal-pro/node_modules/rgbcolor': '/Users/amandacorcoran/Documents/patternpal-pro/node_modules/.rgbcolor-9o4hW3dM',
199 silly reify   '/Users/amandacorcoran/Documents/patternpal-pro/node_modules/safe-buffer': '/Users/amandacorcoran/Documents/patternpal-pro/node_modules/.safe-buffer-NU0zVBfn',
199 silly reify   '/Users/amandacorcoran/Documents/patternpal-pro/node_modules/setimmediate': '/Users/amandacorcoran/Documents/patternpal-pro/node_modules/.setimmediate-yyXmBs41',
199 silly reify   '/Users/amandacorcoran/Documents/patternpal-pro/node_modules/stackblur-canvas': '/Users/amandacorcoran/Documents/patternpal-pro/node_modules/.stackblur-canvas-l4MhIi9k',
199 silly reify   '/Users/amandacorcoran/Documents/patternpal-pro/node_modules/string_decoder': '/Users/amandacorcoran/Documents/patternpal-pro/node_modules/.string_decoder-P7xbFFeB',
199 silly reify   '/Users/amandacorcoran/Documents/patternpal-pro/node_modules/svg-pathdata': '/Users/amandacorcoran/Documents/patternpal-pro/node_modules/.svg-pathdata-IVOEzhx2',
199 silly reify   '/Users/amandacorcoran/Documents/patternpal-pro/node_modules/text-segmentation': '/Users/amandacorcoran/Documents/patternpal-pro/node_modules/.text-segmentation-hkNb1dYU',
199 silly reify   '/Users/amandacorcoran/Documents/patternpal-pro/node_modules/util-deprecate': '/Users/amandacorcoran/Documents/patternpal-pro/node_modules/.util-deprecate-pWT4aczM',
199 silly reify   '/Users/amandacorcoran/Documents/patternpal-pro/node_modules/utrie': '/Users/amandacorcoran/Documents/patternpal-pro/node_modules/.utrie-AdM8qQk8'
199 silly reify }
200 verbose reify failed optional dependency /Users/amandacorcoran/Documents/patternpal-pro/node_modules/@tailwindcss/oxide-wasm32-wasi
201 silly reify mark deleted [
201 silly reify   '/Users/amandacorcoran/Documents/patternpal-pro/node_modules/@tailwindcss/oxide-wasm32-wasi'
201 silly reify ]
202 silly audit bulk request {
202 silly audit   '@alloc/quick-lru': [ '5.2.0' ],
202 silly audit   '@babel/code-frame': [ '7.27.1' ],
202 silly audit   '@babel/compat-data': [ '7.28.5' ],
202 silly audit   '@babel/core': [ '7.28.5' ],
202 silly audit   '@babel/generator': [ '7.28.5' ],
202 silly audit   '@babel/helper-compilation-targets': [ '7.27.2' ],
202 silly audit   '@babel/helper-globals': [ '7.28.0' ],
202 silly audit   '@babel/helper-module-imports': [ '7.27.1' ],
202 silly audit   '@babel/helper-module-transforms': [ '7.28.3' ],
202 silly audit   '@babel/helper-string-parser': [ '7.27.1' ],
202 silly audit   '@babel/helper-validator-identifier': [ '7.28.5' ],
202 silly audit   '@babel/helper-validator-option': [ '7.27.1' ],
202 silly audit   '@babel/helpers': [ '7.28.4' ],
202 silly audit   '@babel/parser': [ '7.28.5' ],
202 silly audit   '@babel/template': [ '7.27.2' ],
202 silly audit   '@babel/traverse': [ '7.28.5' ],
202 silly audit   '@babel/types': [ '7.28.5' ],
202 silly audit   '@emnapi/core': [ '1.7.1' ],
202 silly audit   '@emnapi/runtime': [ '1.7.1' ],
202 silly audit   '@emnapi/wasi-threads': [ '1.1.0' ],
202 silly audit   '@eslint-community/eslint-utils': [ '4.9.0' ],
202 silly audit   'eslint-visitor-keys': [ '3.4.3', '4.2.1' ],
202 silly audit   '@eslint-community/regexpp': [ '4.12.2' ],
202 silly audit   '@eslint/config-array': [ '0.21.1' ],
202 silly audit   '@eslint/config-helpers': [ '0.4.2' ],
202 silly audit   '@eslint/core': [ '0.17.0' ],
202 silly audit   '@eslint/eslintrc': [ '3.3.3' ],
202 silly audit   '@eslint/js': [ '9.39.1' ],
202 silly audit   '@eslint/object-schema': [ '2.1.7' ],
202 silly audit   '@eslint/plugin-kit': [ '0.4.1' ],
202 silly audit   '@humanfs/core': [ '0.19.1' ],
202 silly audit   '@humanfs/node': [ '0.16.7' ],
202 silly audit   '@humanwhocodes/module-importer': [ '1.0.1' ],
202 silly audit   '@humanwhocodes/retry': [ '0.4.3' ],
202 silly audit   '@img/colour': [ '1.0.0' ],
202 silly audit   '@img/sharp-darwin-arm64': [ '0.34.5' ],
202 silly audit   '@img/sharp-darwin-x64': [ '0.34.5' ],
202 silly audit   '@img/sharp-libvips-darwin-arm64': [ '1.2.4' ],
202 silly audit   '@img/sharp-libvips-darwin-x64': [ '1.2.4' ],
202 silly audit   '@img/sharp-libvips-linux-arm': [ '1.2.4' ],
202 silly audit   '@img/sharp-libvips-linux-arm64': [ '1.2.4' ],
202 silly audit   '@img/sharp-libvips-linux-ppc64': [ '1.2.4' ],
202 silly audit   '@img/sharp-libvips-linux-riscv64': [ '1.2.4' ],
202 silly audit   '@img/sharp-libvips-linux-s390x': [ '1.2.4' ],
202 silly audit   '@img/sharp-libvips-linux-x64': [ '1.2.4' ],
202 silly audit   '@img/sharp-libvips-linuxmusl-arm64': [ '1.2.4' ],
202 silly audit   '@img/sharp-libvips-linuxmusl-x64': [ '1.2.4' ],
202 silly audit   '@img/sharp-linux-arm': [ '0.34.5' ],
202 silly audit   '@img/sharp-linux-arm64': [ '0.34.5' ],
202 silly audit   '@img/sharp-linux-ppc64': [ '0.34.5' ],
202 silly audit   '@img/sharp-linux-riscv64': [ '0.34.5' ],
202 silly audit   '@img/sharp-linux-s390x': [ '0.34.5' ],
202 silly audit   '@img/sharp-linux-x64': [ '0.34.5' ],
202 silly audit   '@img/sharp-linuxmusl-arm64': [ '0.34.5' ],
202 silly audit   '@img/sharp-linuxmusl-x64': [ '0.34.5' ],
202 silly audit   '@img/sharp-wasm32': [ '0.34.5' ],
202 silly audit   '@img/sharp-win32-arm64': [ '0.34.5' ],
202 silly audit   '@img/sharp-win32-ia32': [ '0.34.5' ],
202 silly audit   '@img/sharp-win32-x64': [ '0.34.5' ],
202 silly audit   '@jridgewell/gen-mapping': [ '0.3.13' ],
202 silly audit   '@jridgewell/remapping': [ '2.3.5' ],
202 silly audit   '@jridgewell/resolve-uri': [ '3.1.2' ],
202 silly audit   '@jridgewell/sourcemap-codec': [ '1.5.5' ],
202 silly audit   '@jridgewell/trace-mapping': [ '0.3.31' ],
202 silly audit   '@napi-rs/wasm-runtime': [ '0.2.12' ],
202 silly audit   '@next/env': [ '16.0.7' ],
202 silly audit   '@next/eslint-plugin-next': [ '16.0.7' ],
202 silly audit   '@next/swc-darwin-arm64': [ '16.0.7' ],
202 silly audit   '@next/swc-darwin-x64': [ '16.0.7' ],
202 silly audit   '@next/swc-linux-arm64-gnu': [ '16.0.7' ],
202 silly audit   '@next/swc-linux-arm64-musl': [ '16.0.7' ],
202 silly audit   '@next/swc-linux-x64-gnu': [ '16.0.7' ],
202 silly audit   '@next/swc-linux-x64-musl': [ '16.0.7' ],
202 silly audit   '@next/swc-win32-arm64-msvc': [ '16.0.7' ],
202 silly audit   '@next/swc-win32-x64-msvc': [ '16.0.7' ],
202 silly audit   '@nodelib/fs.scandir': [ '2.1.5' ],
202 silly audit   '@nodelib/fs.stat': [ '2.0.5' ],
202 silly audit   '@nodelib/fs.walk': [ '1.2.8' ],
202 silly audit   '@nolyfill/is-core-module': [ '1.0.39' ],
202 silly audit   '@rtsao/scc': [ '1.1.0' ],
202 silly audit   '@supabase/auth-helpers-nextjs': [ '0.15.0' ],
202 silly audit   '@supabase/auth-js': [ '2.86.0' ],
202 silly audit   '@supabase/functions-js': [ '2.86.0' ],
202 silly audit   '@supabase/postgrest-js': [ '2.86.0' ],
202 silly audit   '@supabase/realtime-js': [ '2.86.0' ],
202 silly audit   '@supabase/storage-js': [ '2.86.0' ],
202 silly audit   '@supabase/supabase-js': [ '2.86.0' ],
202 silly audit   '@swc/helpers': [ '0.5.15' ],
202 silly audit   '@tailwindcss/node': [ '4.1.17' ],
202 silly audit   '@tailwindcss/oxide': [ '4.1.17' ],
202 silly audit   '@tailwindcss/oxide-android-arm64': [ '4.1.17' ],
202 silly audit   '@tailwindcss/oxide-darwin-arm64': [ '4.1.17' ],
202 silly audit   '@tailwindcss/oxide-darwin-x64': [ '4.1.17' ],
202 silly audit   '@tailwindcss/oxide-freebsd-x64': [ '4.1.17' ],
202 silly audit   '@tailwindcss/oxide-linux-arm-gnueabihf': [ '4.1.17' ],
202 silly audit   '@tailwindcss/oxide-linux-arm64-gnu': [ '4.1.17' ],
202 silly audit   '@tailwindcss/oxide-linux-arm64-musl': [ '4.1.17' ],
202 silly audit   '@tailwindcss/oxide-linux-x64-gnu': [ '4.1.17' ],
202 silly audit   '@tailwindcss/oxide-linux-x64-musl': [ '4.1.17' ],
202 silly audit   '@tailwindcss/oxide-win32-arm64-msvc': [ '4.1.17' ],
202 silly audit   '@tailwindcss/oxide-win32-x64-msvc': [ '4.1.17' ],
202 silly audit   '@tailwindcss/postcss': [ '4.1.17' ],
202 silly audit   '@tybys/wasm-util': [ '0.10.1' ],
202 silly audit   '@types/estree': [ '1.0.8' ],
202 silly audit   '@types/json-schema': [ '7.0.15' ],
202 silly audit   '@types/json5': [ '0.0.29' ],
202 silly audit   '@types/node': [ '20.19.25' ],
202 silly audit   '@types/phoenix': [ '1.6.6' ],
202 silly audit   '@types/react': [ '19.2.7' ],
202 silly audit   '@types/react-dom': [ '19.2.3' ],
202 silly audit   '@types/ws': [ '8.18.1' ],
202 silly audit   '@typescript-eslint/eslint-plugin': [ '8.48.1' ],
202 silly audit   ignore: [ '7.0.5', '5.3.2' ],
202 silly audit   '@typescript-eslint/parser': [ '8.48.1' ],
202 silly audit   '@typescript-eslint/project-service': [ '8.48.1' ],
202 silly audit   '@typescript-eslint/scope-manager': [ '8.48.1' ],
202 silly audit   '@typescript-eslint/tsconfig-utils': [ '8.48.1' ],
202 silly audit   '@typescript-eslint/type-utils': [ '8.48.1' ],
202 silly audit   '@typescript-eslint/types': [ '8.48.1' ],
202 silly audit   '@typescript-eslint/typescript-estree': [ '8.48.1' ],
202 silly audit   'brace-expansion': [ '2.0.2', '1.1.12' ],
202 silly audit   minimatch: [ '9.0.5', '3.1.2' ],
202 silly audit   semver: [ '7.7.3', '6.3.1' ],
202 silly audit   '@typescript-eslint/utils': [ '8.48.1' ],
202 silly audit   '@typescript-eslint/visitor-keys': [ '8.48.1' ],
202 silly audit   '@unrs/resolver-binding-android-arm-eabi': [ '1.11.1' ],
202 silly audit   '@unrs/resolver-binding-android-arm64': [ '1.11.1' ],
202 silly audit   '@unrs/resolver-binding-darwin-arm64': [ '1.11.1' ],
202 silly audit   '@unrs/resolver-binding-darwin-x64': [ '1.11.1' ],
202 silly audit   '@unrs/resolver-binding-freebsd-x64': [ '1.11.1' ],
202 silly audit   '@unrs/resolver-binding-linux-arm-gnueabihf': [ '1.11.1' ],
202 silly audit   '@unrs/resolver-binding-linux-arm-musleabihf': [ '1.11.1' ],
202 silly audit   '@unrs/resolver-binding-linux-arm64-gnu': [ '1.11.1' ],
202 silly audit   '@unrs/resolver-binding-linux-arm64-musl': [ '1.11.1' ],
202 silly audit   '@unrs/resolver-binding-linux-ppc64-gnu': [ '1.11.1' ],
202 silly audit   '@unrs/resolver-binding-linux-riscv64-gnu': [ '1.11.1' ],
202 silly audit   '@unrs/resolver-binding-linux-riscv64-musl': [ '1.11.1' ],
202 silly audit   '@unrs/resolver-binding-linux-s390x-gnu': [ '1.11.1' ],
202 silly audit   '@unrs/resolver-binding-linux-x64-gnu': [ '1.11.1' ],
202 silly audit   '@unrs/resolver-binding-linux-x64-musl': [ '1.11.1' ],
202 silly audit   '@unrs/resolver-binding-wasm32-wasi': [ '1.11.1' ],
202 silly audit   '@unrs/resolver-binding-win32-arm64-msvc': [ '1.11.1' ],
202 silly audit   '@unrs/resolver-binding-win32-ia32-msvc': [ '1.11.1' ],
202 silly audit   '@unrs/resolver-binding-win32-x64-msvc': [ '1.11.1' ],
202 silly audit   acorn: [ '8.15.0' ],
202 silly audit   'acorn-jsx': [ '5.3.2' ],
202 silly audit   ajv: [ '6.12.6' ],
202 silly audit   'ansi-styles': [ '4.3.0' ],
202 silly audit   argparse: [ '2.0.1' ],
202 silly audit   'aria-query': [ '5.3.2' ],
202 silly audit   'array-buffer-byte-length': [ '1.0.2' ],
202 silly audit   'array-includes': [ '3.1.9' ],
202 silly audit   'array.prototype.findlast': [ '1.2.5' ],
202 silly audit   'array.prototype.findlastindex': [ '1.2.6' ],
202 silly audit   'array.prototype.flat': [ '1.3.3' ],
202 silly audit   'array.prototype.flatmap': [ '1.3.3' ],
202 silly audit   'array.prototype.tosorted': [ '1.1.4' ],
202 silly audit   'arraybuffer.prototype.slice': [ '1.0.4' ],
202 silly audit   'ast-types-flow': [ '0.0.8' ],
202 silly audit   'async-function': [ '1.0.0' ],
202 silly audit   'available-typed-arrays': [ '1.0.7' ],
202 silly audit   'axe-core': [ '4.11.0' ],
202 silly audit   'axobject-query': [ '4.1.0' ],
202 silly audit   'balanced-match': [ '1.0.2' ],
202 silly audit   'baseline-browser-mapping': [ '2.8.32' ],
202 silly audit   braces: [ '3.0.3' ],
202 silly audit   browserslist: [ '4.28.0' ],
202 silly audit   'call-bind': [ '1.0.8' ],
202 silly audit   'call-bind-apply-helpers': [ '1.0.2' ],
202 silly audit   'call-bound': [ '1.0.4' ],
202 silly audit   callsites: [ '3.1.0' ],
202 silly audit   'caniuse-lite': [ '1.0.30001757' ],
202 silly audit   chalk: [ '4.1.2' ],
202 silly audit   'client-only': [ '0.0.1' ],
202 silly audit   clsx: [ '2.1.1' ],
202 silly audit   'color-convert': [ '2.0.1' ],
202 silly audit   'color-name': [ '1.1.4' ],
202 silly audit   'concat-map': [ '0.0.1' ],
202 silly audit   'convert-source-map': [ '2.0.0' ],
202 silly audit   cookie: [ '1.1.1' ],
202 silly audit   'cross-spawn': [ '7.0.6' ],
202 silly audit   csstype: [ '3.2.3', '3.1.3' ],
202 silly audit   'damerau-levenshtein': [ '1.0.8' ],
202 silly audit   'data-view-buffer': [ '1.0.2' ],
202 silly audit   'data-view-byte-length': [ '1.0.2' ],
202 silly audit   'data-view-byte-offset': [ '1.0.1' ],
202 silly audit   debug: [ '4.4.3', '3.2.7' ],
202 silly audit   'deep-is': [ '0.1.4' ],
202 silly audit   'define-data-property': [ '1.1.4' ],
202 silly audit   'define-properties': [ '1.2.1' ],
202 silly audit   'detect-libc': [ '2.1.2' ],
202 silly audit   doctrine: [ '2.1.0' ],
202 silly audit   'dunder-proto': [ '1.0.1' ],
202 silly audit   'electron-to-chromium': [ '1.5.263' ],
202 silly audit   'emoji-regex': [ '9.2.2' ],
202 silly audit   'enhanced-resolve': [ '5.18.3' ],
202 silly audit   'es-abstract': [ '1.24.0' ],
202 silly audit   'es-define-property': [ '1.0.1' ],
202 silly audit   'es-errors': [ '1.3.0' ],
202 silly audit   'es-iterator-helpers': [ '1.2.1' ],
202 silly audit   'es-object-atoms': [ '1.1.1' ],
202 silly audit   'es-set-tostringtag': [ '2.1.0' ],
202 silly audit   'es-shim-unscopables': [ '1.1.0' ],
202 silly audit   'es-to-primitive': [ '1.3.0' ],
202 silly audit   escalade: [ '3.2.0' ],
202 silly audit   'escape-string-regexp': [ '4.0.0' ],
202 silly audit   eslint: [ '9.39.1' ],
202 silly audit   'eslint-config-next': [ '16.0.7' ],
202 silly audit   globals: [ '16.4.0', '14.0.0' ],
202 silly audit   'eslint-import-resolver-node': [ '0.3.9' ],
202 silly audit   'eslint-import-resolver-typescript': [ '3.10.1' ],
202 silly audit   'eslint-module-utils': [ '2.12.1' ],
202 silly audit   'eslint-plugin-import': [ '2.32.0' ],
202 silly audit   'eslint-plugin-jsx-a11y': [ '6.10.2' ],
202 silly audit   'eslint-plugin-react': [ '7.37.5' ],
202 silly audit   'eslint-plugin-react-hooks': [ '7.0.1' ],
202 silly audit   resolve: [ '2.0.0-next.5', '1.22.11' ],
202 silly audit   'eslint-scope': [ '8.4.0' ],
202 silly audit   espree: [ '10.4.0' ],
202 silly audit   esquery: [ '1.6.0' ],
202 silly audit   esrecurse: [ '4.3.0' ],
202 silly audit   estraverse: [ '5.3.0' ],
202 silly audit   esutils: [ '2.0.3' ],
202 silly audit   'fast-deep-equal': [ '3.1.3' ],
202 silly audit   'fast-glob': [ '3.3.1' ],
202 silly audit   'glob-parent': [ '5.1.2', '6.0.2' ],
202 silly audit   'fast-json-stable-stringify': [ '2.1.0' ],
202 silly audit   'fast-levenshtein': [ '2.0.6' ],
202 silly audit   fastq: [ '1.19.1' ],
202 silly audit   'file-entry-cache': [ '8.0.0' ],
202 silly audit   'fill-range': [ '7.1.1' ],
202 silly audit   'find-up': [ '5.0.0' ],
202 silly audit   'flat-cache': [ '4.0.1' ],
202 silly audit   flatted: [ '3.3.3' ],
202 silly audit   'for-each': [ '0.3.5' ],
202 silly audit   'function-bind': [ '1.1.2' ],
202 silly audit   'function.prototype.name': [ '1.1.8' ],
202 silly audit   'functions-have-names': [ '1.2.3' ],
202 silly audit   'generator-function': [ '2.0.1' ],
202 silly audit   gensync: [ '1.0.0-beta.2' ],
202 silly audit   'get-intrinsic': [ '1.3.0' ],
202 silly audit   'get-proto': [ '1.0.1' ],
202 silly audit   'get-symbol-description': [ '1.1.0' ],
202 silly audit   'get-tsconfig': [ '4.13.0' ],
202 silly audit   globalthis: [ '1.0.4' ],
202 silly audit   gopd: [ '1.2.0' ],
202 silly audit   'graceful-fs': [ '4.2.11' ],
202 silly audit   graphemer: [ '1.4.0' ],
202 silly audit   'has-bigints': [ '1.1.0' ],
202 silly audit   'has-flag': [ '4.0.0' ],
202 silly audit   'has-property-descriptors': [ '1.0.2' ],
202 silly audit   'has-proto': [ '1.2.0' ],
202 silly audit   'has-symbols': [ '1.1.0' ],
202 silly audit   'has-tostringtag': [ '1.0.2' ],
202 silly audit   hasown: [ '2.0.2' ],
202 silly audit   'hermes-estree': [ '0.25.1' ],
202 silly audit   'hermes-parser': [ '0.25.1' ],
202 silly audit   'iceberg-js': [ '0.8.0' ],
202 silly audit   'import-fresh': [ '3.3.1' ],
202 silly audit   imurmurhash: [ '0.1.4' ],
202 silly audit   'internal-slot': [ '1.1.0' ],
202 silly audit   'is-array-buffer': [ '3.0.5' ],
202 silly audit   'is-async-function': [ '2.1.1' ],
202 silly audit   'is-bigint': [ '1.1.0' ],
202 silly audit   'is-boolean-object': [ '1.2.2' ],
202 silly audit   'is-bun-module': [ '2.0.0' ],
202 silly audit   'is-callable': [ '1.2.7' ],
202 silly audit   'is-core-module': [ '2.16.1' ],
202 silly audit   'is-data-view': [ '1.0.2' ],
202 silly audit   'is-date-object': [ '1.1.0' ],
202 silly audit   'is-extglob': [ '2.1.1' ],
202 silly audit   'is-finalizationregistry': [ '1.1.1' ],
202 silly audit   'is-generator-function': [ '1.1.2' ],
202 silly audit   'is-glob': [ '4.0.3' ],
202 silly audit   'is-map': [ '2.0.3' ],
202 silly audit   'is-negative-zero': [ '2.0.3' ],
202 silly audit   'is-number': [ '7.0.0' ],
202 silly audit   'is-number-object': [ '1.1.1' ],
202 silly audit   'is-regex': [ '1.2.1' ],
202 silly audit   'is-set': [ '2.0.3' ],
202 silly audit   'is-shared-array-buffer': [ '1.0.4' ],
202 silly audit   'is-string': [ '1.1.1' ],
202 silly audit   'is-symbol': [ '1.1.1' ],
202 silly audit   'is-typed-array': [ '1.1.15' ],
202 silly audit   'is-weakmap': [ '2.0.2' ],
202 silly audit   'is-weakref': [ '1.1.1' ],
202 silly audit   'is-weakset': [ '2.0.4' ],
202 silly audit   isarray: [ '2.0.5' ],
202 silly audit   isexe: [ '2.0.0' ],
202 silly audit   'iterator.prototype': [ '1.1.5' ],
202 silly audit   jiti: [ '2.6.1' ],
202 silly audit   'js-tokens': [ '4.0.0' ],
202 silly audit   'js-yaml': [ '4.1.1' ],
202 silly audit   jsesc: [ '3.1.0' ],
202 silly audit   'json-buffer': [ '3.0.1' ],
202 silly audit   'json-schema-traverse': [ '0.4.1' ],
202 silly audit   'json-stable-stringify-without-jsonify': [ '1.0.1' ],
202 silly audit   json5: [ '2.2.3', '1.0.2' ],
202 silly audit   'jsx-ast-utils': [ '3.3.5' ],
202 silly audit   keyv: [ '4.5.4' ],
202 silly audit   'language-subtag-registry': [ '0.3.23' ],
202 silly audit   'language-tags': [ '1.0.9' ],
202 silly audit   levn: [ '0.4.1' ],
202 silly audit   lightningcss: [ '1.30.2' ],
202 silly audit   'lightningcss-android-arm64': [ '1.30.2' ],
202 silly audit   'lightningcss-darwin-arm64': [ '1.30.2' ],
202 silly audit   'lightningcss-darwin-x64': [ '1.30.2' ],
202 silly audit   'lightningcss-freebsd-x64': [ '1.30.2' ],
202 silly audit   'lightningcss-linux-arm-gnueabihf': [ '1.30.2' ],
202 silly audit   'lightningcss-linux-arm64-gnu': [ '1.30.2' ],
202 silly audit   'lightningcss-linux-arm64-musl': [ '1.30.2' ],
202 silly audit   'lightningcss-linux-x64-gnu': [ '1.30.2' ],
202 silly audit   'lightningcss-linux-x64-musl': [ '1.30.2' ],
202 silly audit   'lightningcss-win32-arm64-msvc': [ '1.30.2' ],
202 silly audit   'lightningcss-win32-x64-msvc': [ '1.30.2' ],
202 silly audit   'locate-path': [ '6.0.0' ],
202 silly audit   'lodash.merge': [ '4.6.2' ],
202 silly audit   'loose-envify': [ '1.4.0' ],
202 silly audit   'lru-cache': [ '5.1.1' ],
202 silly audit   'magic-string': [ '0.30.21' ],
202 silly audit   'math-intrinsics': [ '1.1.0' ],
202 silly audit   merge2: [ '1.4.1' ],
202 silly audit   micromatch: [ '4.0.8' ],
202 silly audit   minimist: [ '1.2.8' ],
202 silly audit   ms: [ '2.1.3' ],
202 silly audit   nanoid: [ '3.3.11' ],
202 silly audit   'napi-postinstall': [ '0.3.4' ],
202 silly audit   'natural-compare': [ '1.4.0' ],
202 silly audit   next: [ '16.0.7' ],
202 silly audit   postcss: [ '8.4.31', '8.5.6' ],
202 silly audit   'node-releases': [ '2.0.27' ],
202 silly audit   'object-assign': [ '4.1.1' ],
202 silly audit   'object-inspect': [ '1.13.4' ],
202 silly audit   'object-keys': [ '1.1.1' ],
202 silly audit   'object.assign': [ '4.1.7' ],
202 silly audit   'object.entries': [ '1.1.9' ],
202 silly audit   'object.fromentries': [ '2.0.8' ],
202 silly audit   'object.groupby': [ '1.0.3' ],
202 silly audit   'object.values': [ '1.2.1' ],
202 silly audit   optionator: [ '0.9.4' ],
202 silly audit   'own-keys': [ '1.0.1' ],
202 silly audit   'p-limit': [ '3.1.0' ],
202 silly audit   'p-locate': [ '5.0.0' ],
202 silly audit   'parent-module': [ '1.0.1' ],
202 silly audit   'path-exists': [ '4.0.0' ],
202 silly audit   'path-key': [ '3.1.1' ],
202 silly audit   'path-parse': [ '1.0.7' ],
202 silly audit   picocolors: [ '1.1.1' ],
202 silly audit   picomatch: [ '2.3.1', '4.0.3' ],
202 silly audit   'possible-typed-array-names': [ '1.1.0' ],
202 silly audit   'prelude-ls': [ '1.2.1' ],
202 silly audit   'prop-types': [ '15.8.1' ],
202 silly audit   punycode: [ '2.3.1' ],
202 silly audit   'queue-microtask': [ '1.2.3' ],
202 silly audit   'react-is': [ '16.13.1' ],
202 silly audit   'reflect.getprototypeof': [ '1.0.10' ],
202 silly audit   'regexp.prototype.flags': [ '1.5.4' ],
202 silly audit   'resolve-from': [ '4.0.0' ],
202 silly audit   'resolve-pkg-maps': [ '1.0.0' ],
202 silly audit   reusify: [ '1.1.0' ],
202 silly audit   'run-parallel': [ '1.2.0' ],
202 silly audit   'safe-array-concat': [ '1.1.3' ],
202 silly audit   'safe-push-apply': [ '1.0.0' ],
202 silly audit   'safe-regex-test': [ '1.1.0' ],
202 silly audit   scheduler: [ '0.27.0' ],
202 silly audit   'set-function-length': [ '1.2.2' ],
202 silly audit   'set-function-name': [ '2.0.2' ],
202 silly audit   'set-proto': [ '1.0.0' ],
202 silly audit   sharp: [ '0.34.5' ],
202 silly audit   'shebang-command': [ '2.0.0' ],
202 silly audit   'shebang-regex': [ '3.0.0' ],
202 silly audit   'side-channel': [ '1.1.0' ],
202 silly audit   'side-channel-list': [ '1.0.0' ],
202 silly audit   'side-channel-map': [ '1.0.1' ],
202 silly audit   'side-channel-weakmap': [ '1.0.2' ],
202 silly audit   'source-map-js': [ '1.2.1' ],
202 silly audit   'stable-hash': [ '0.0.5' ],
202 silly audit   'stop-iteration-iterator': [ '1.1.0' ],
202 silly audit   'string.prototype.includes': [ '2.0.1' ],
202 silly audit   'string.prototype.matchall': [ '4.0.12' ],
202 silly audit   'string.prototype.repeat': [ '1.0.0' ],
202 silly audit   'string.prototype.trim': [ '1.2.10' ],
202 silly audit   'string.prototype.trimend': [ '1.0.9' ],
202 silly audit   'string.prototype.trimstart': [ '1.0.8' ],
202 silly audit   'strip-bom': [ '3.0.0' ],
202 silly audit   'strip-json-comments': [ '3.1.1' ],
202 silly audit   'styled-jsx': [ '5.1.6' ],
202 silly audit   'supports-color': [ '7.2.0' ],
202 silly audit   'supports-preserve-symlinks-flag': [ '1.0.0' ],
202 silly audit   'tailwind-merge': [ '3.4.0' ],
202 silly audit   tailwindcss: [ '4.1.17' ],
202 silly audit   tapable: [ '2.3.0' ],
202 silly audit   tinyglobby: [ '0.2.15' ],
202 silly audit   fdir: [ '6.5.0' ],
202 silly audit   'to-regex-range': [ '5.0.1' ],
202 silly audit   'ts-api-utils': [ '2.1.0' ],
202 silly audit   'tsconfig-paths': [ '3.15.0' ],
202 silly audit   tslib: [ '2.8.1' ],
202 silly audit   'type-check': [ '0.4.0' ],
202 silly audit   'typed-array-buffer': [ '1.0.3' ],
202 silly audit   'typed-array-byte-length': [ '1.0.3' ],
202 silly audit   'typed-array-byte-offset': [ '1.0.4' ],
202 silly audit   'typed-array-length': [ '1.0.7' ],
202 silly audit   typescript: [ '5.9.3' ],
202 silly audit   'typescript-eslint': [ '8.48.1' ],
202 silly audit   'unbox-primitive': [ '1.1.0' ],
202 silly audit   'undici-types': [ '6.21.0' ],
202 silly audit   'unrs-resolver': [ '1.11.1' ],
202 silly audit   'update-browserslist-db': [ '1.1.4' ],
202 silly audit   'uri-js': [ '4.4.1' ],
202 silly audit   which: [ '2.0.2' ],
202 silly audit   'which-boxed-primitive': [ '1.1.1' ],
202 silly audit   'which-builtin-type': [ '1.2.1' ],
202 silly audit   'which-collection': [ '1.0.2' ],
202 silly audit   'which-typed-array': [ '1.1.19' ],
202 silly audit   'word-wrap': [ '1.2.5' ],
202 silly audit   ws: [ '8.18.3' ],
202 silly audit   yallist: [ '3.1.1' ],
202 silly audit   'yocto-queue': [ '0.1.0' ],
202 silly audit   zod: [ '4.1.13' ],
202 silly audit   'zod-validation-error': [ '4.0.2' ],
202 silly audit   zustand: [ '5.0.9' ],
202 silly audit   '@clerk/nextjs': [ '6.36.8' ],
202 silly audit   react: [ '19.2.3' ],
202 silly audit   'react-dom': [ '19.2.3' ],
202 silly audit   '@stripe/react-stripe-js': [ '5.4.1' ],
202 silly audit   '@stripe/stripe-js': [ '8.6.3' ],
202 silly audit   stripe: [ '20.2.0' ],
202 silly audit   '@clerk/backend': [ '2.29.3' ],
202 silly audit   '@clerk/clerk-react': [ '5.59.4' ],
202 silly audit   '@clerk/shared': [ '3.43.0' ],
202 silly audit   '@clerk/types': [ '4.101.11' ],
202 silly audit   'server-only': [ '0.0.1' ],
202 silly audit   standardwebhooks: [ '1.0.0' ],
202 silly audit   dequal: [ '2.0.3' ],
202 silly audit   'glob-to-regexp': [ '0.4.1' ],
202 silly audit   'js-cookie': [ '3.0.5' ],
202 silly audit   'std-env': [ '3.10.0' ],
202 silly audit   swr: [ '2.3.4' ],
202 silly audit   '@stablelib/base64': [ '1.0.1' ],
202 silly audit   'fast-sha256': [ '1.3.0' ],
202 silly audit   qs: [ '6.14.1' ],
202 silly audit   'use-sync-external-store': [ '1.6.0' ],
202 silly audit   '@tailwindcss/oxide-wasm32-wasi': [ '4.1.17' ]
202 silly audit }
203 verbose reify failed optional dependency /Users/amandacorcoran/Documents/patternpal-pro/node_modules/lightningcss-win32-x64-msvc
204 silly reify mark deleted [
204 silly reify   '/Users/amandacorcoran/Documents/patternpal-pro/node_modules/lightningcss-win32-x64-msvc'
204 silly reify ]
205 verbose reify failed optional dependency /Users/amandacorcoran/Documents/patternpal-pro/node_modules/lightningcss-win32-arm64-msvc
206 silly reify mark deleted [
206 silly reify   '/Users/amandacorcoran/Documents/patternpal-pro/node_modules/lightningcss-win32-arm64-msvc'
206 silly reify ]
207 verbose reify failed optional dependency /Users/amandacorcoran/Documents/patternpal-pro/node_modules/lightningcss-linux-x64-musl
208 silly reify mark deleted [
208 silly reify   '/Users/amandacorcoran/Documents/patternpal-pro/node_modules/lightningcss-linux-x64-musl'
208 silly reify ]
209 verbose reify failed optional dependency /Users/amandacorcoran/Documents/patternpal-pro/node_modules/lightningcss-linux-x64-gnu
210 silly reify mark deleted [
210 silly reify   '/Users/amandacorcoran/Documents/patternpal-pro/node_modules/lightningcss-linux-x64-gnu'
210 silly reify ]
211 verbose reify failed optional dependency /Users/amandacorcoran/Documents/patternpal-pro/node_modules/lightningcss-linux-arm64-musl
212 silly reify mark deleted [
212 silly reify   '/Users/amandacorcoran/Documents/patternpal-pro/node_modules/lightningcss-linux-arm64-musl'
212 silly reify ]
213 verbose reify failed optional dependency /Users/amandacorcoran/Documents/patternpal-pro/node_modules/lightningcss-linux-arm64-gnu
214 silly reify mark deleted [
214 silly reify   '/Users/amandacorcoran/Documents/patternpal-pro/node_modules/lightningcss-linux-arm64-gnu'
214 silly reify ]
215 verbose reify failed optional dependency /Users/amandacorcoran/Documents/patternpal-pro/node_modules/lightningcss-linux-arm-gnueabihf
216 silly reify mark deleted [
216 silly reify   '/Users/amandacorcoran/Documents/patternpal-pro/node_modules/lightningcss-linux-arm-gnueabihf'
216 silly reify ]
217 verbose reify failed optional dependency /Users/amandacorcoran/Documents/patternpal-pro/node_modules/lightningcss-freebsd-x64
218 silly reify mark deleted [
218 silly reify   '/Users/amandacorcoran/Documents/patternpal-pro/node_modules/lightningcss-freebsd-x64'
218 silly reify ]
219 verbose reify failed optional dependency /Users/amandacorcoran/Documents/patternpal-pro/node_modules/lightningcss-darwin-x64
220 silly reify mark deleted [
220 silly reify   '/Users/amandacorcoran/Documents/patternpal-pro/node_modules/lightningcss-darwin-x64'
220 silly reify ]
221 verbose reify failed optional dependency /Users/amandacorcoran/Documents/patternpal-pro/node_modules/lightningcss-android-arm64
222 silly reify mark deleted [
222 silly reify   '/Users/amandacorcoran/Documents/patternpal-pro/node_modules/lightningcss-android-arm64'
222 silly reify ]
223 verbose reify failed optional dependency /Users/amandacorcoran/Documents/patternpal-pro/node_modules/@unrs/resolver-binding-win32-x64-msvc
224 silly reify mark deleted [
224 silly reify   '/Users/amandacorcoran/Documents/patternpal-pro/node_modules/@unrs/resolver-binding-win32-x64-msvc'
224 silly reify ]
225 verbose reify failed optional dependency /Users/amandacorcoran/Documents/patternpal-pro/node_modules/@unrs/resolver-binding-win32-ia32-msvc
226 silly reify mark deleted [
226 silly reify   '/Users/amandacorcoran/Documents/patternpal-pro/node_modules/@unrs/resolver-binding-win32-ia32-msvc'
226 silly reify ]
227 verbose reify failed optional dependency /Users/amandacorcoran/Documents/patternpal-pro/node_modules/@unrs/resolver-binding-win32-arm64-msvc
228 silly reify mark deleted [
228 silly reify   '/Users/amandacorcoran/Documents/patternpal-pro/node_modules/@unrs/resolver-binding-win32-arm64-msvc'
228 silly reify ]
229 verbose reify failed optional dependency /Users/amandacorcoran/Documents/patternpal-pro/node_modules/@unrs/resolver-binding-wasm32-wasi
230 silly reify mark deleted [
230 silly reify   '/Users/amandacorcoran/Documents/patternpal-pro/node_modules/@unrs/resolver-binding-wasm32-wasi'
230 silly reify ]
231 verbose reify failed optional dependency /Users/amandacorcoran/Documents/patternpal-pro/node_modules/@unrs/resolver-binding-linux-x64-musl
232 silly reify mark deleted [
232 silly reify   '/Users/amandacorcoran/Documents/patternpal-pro/node_modules/@unrs/resolver-binding-linux-x64-musl'
232 silly reify ]
233 verbose reify failed optional dependency /Users/amandacorcoran/Documents/patternpal-pro/node_modules/@unrs/resolver-binding-linux-x64-gnu
234 silly reify mark deleted [
234 silly reify   '/Users/amandacorcoran/Documents/patternpal-pro/node_modules/@unrs/resolver-binding-linux-x64-gnu'
234 silly reify ]
235 verbose reify failed optional dependency /Users/amandacorcoran/Documents/patternpal-pro/node_modules/@unrs/resolver-binding-linux-s390x-gnu
236 silly reify mark deleted [
236 silly reify   '/Users/amandacorcoran/Documents/patternpal-pro/node_modules/@unrs/resolver-binding-linux-s390x-gnu'
236 silly reify ]
237 verbose reify failed optional dependency /Users/amandacorcoran/Documents/patternpal-pro/node_modules/@unrs/resolver-binding-linux-riscv64-musl
238 silly reify mark deleted [
238 silly reify   '/Users/amandacorcoran/Documents/patternpal-pro/node_modules/@unrs/resolver-binding-linux-riscv64-musl'
238 silly reify ]
239 verbose reify failed optional dependency /Users/amandacorcoran/Documents/patternpal-pro/node_modules/@unrs/resolver-binding-linux-riscv64-gnu
240 silly reify mark deleted [
240 silly reify   '/Users/amandacorcoran/Documents/patternpal-pro/node_modules/@unrs/resolver-binding-linux-riscv64-gnu'
240 silly reify ]
241 verbose reify failed optional dependency /Users/amandacorcoran/Documents/patternpal-pro/node_modules/@unrs/resolver-binding-linux-ppc64-gnu
242 silly reify mark deleted [
242 silly reify   '/Users/amandacorcoran/Documents/patternpal-pro/node_modules/@unrs/resolver-binding-linux-ppc64-gnu'
242 silly reify ]
243 verbose reify failed optional dependency /Users/amandacorcoran/Documents/patternpal-pro/node_modules/@unrs/resolver-binding-linux-arm64-musl
244 silly reify mark deleted [
244 silly reify   '/Users/amandacorcoran/Documents/patternpal-pro/node_modules/@unrs/resolver-binding-linux-arm64-musl'
244 silly reify ]
245 verbose reify failed optional dependency /Users/amandacorcoran/Documents/patternpal-pro/node_modules/@unrs/resolver-binding-linux-arm64-gnu
246 silly reify mark deleted [
246 silly reify   '/Users/amandacorcoran/Documents/patternpal-pro/node_modules/@unrs/resolver-binding-linux-arm64-gnu'
246 silly reify ]
247 verbose reify failed optional dependency /Users/amandacorcoran/Documents/patternpal-pro/node_modules/@unrs/resolver-binding-linux-arm-musleabihf
248 silly reify mark deleted [
248 silly reify   '/Users/amandacorcoran/Documents/patternpal-pro/node_modules/@unrs/resolver-binding-linux-arm-musleabihf'
248 silly reify ]
249 verbose reify failed optional dependency /Users/amandacorcoran/Documents/patternpal-pro/node_modules/@unrs/resolver-binding-linux-arm-gnueabihf
250 silly reify mark deleted [
250 silly reify   '/Users/amandacorcoran/Documents/patternpal-pro/node_modules/@unrs/resolver-binding-linux-arm-gnueabihf'
250 silly reify ]
251 verbose reify failed optional dependency /Users/amandacorcoran/Documents/patternpal-pro/node_modules/@unrs/resolver-binding-freebsd-x64
252 silly reify mark deleted [
252 silly reify   '/Users/amandacorcoran/Documents/patternpal-pro/node_modules/@unrs/resolver-binding-freebsd-x64'
252 silly reify ]
253 verbose reify failed optional dependency /Users/amandacorcoran/Documents/patternpal-pro/node_modules/@unrs/resolver-binding-darwin-x64
254 silly reify mark deleted [
254 silly reify   '/Users/amandacorcoran/Documents/patternpal-pro/node_modules/@unrs/resolver-binding-darwin-x64'
254 silly reify ]
255 verbose reify failed optional dependency /Users/amandacorcoran/Documents/patternpal-pro/node_modules/@unrs/resolver-binding-android-arm64
256 silly reify mark deleted [
256 silly reify   '/Users/amandacorcoran/Documents/patternpal-pro/node_modules/@unrs/resolver-binding-android-arm64'
256 silly reify ]
257 verbose reify failed optional dependency /Users/amandacorcoran/Documents/patternpal-pro/node_modules/@unrs/resolver-binding-android-arm-eabi
258 silly reify mark deleted [
258 silly reify   '/Users/amandacorcoran/Documents/patternpal-pro/node_modules/@unrs/resolver-binding-android-arm-eabi'
258 silly reify ]
259 verbose reify failed optional dependency /Users/amandacorcoran/Documents/patternpal-pro/node_modules/@tailwindcss/oxide-win32-x64-msvc
260 silly reify mark deleted [
260 silly reify   '/Users/amandacorcoran/Documents/patternpal-pro/node_modules/@tailwindcss/oxide-win32-x64-msvc'
260 silly reify ]
261 verbose reify failed optional dependency /Users/amandacorcoran/Documents/patternpal-pro/node_modules/@tailwindcss/oxide-win32-arm64-msvc
262 silly reify mark deleted [
262 silly reify   '/Users/amandacorcoran/Documents/patternpal-pro/node_modules/@tailwindcss/oxide-win32-arm64-msvc'
262 silly reify ]
263 verbose reify failed optional dependency /Users/amandacorcoran/Documents/patternpal-pro/node_modules/@tailwindcss/oxide-linux-x64-musl
264 silly reify mark deleted [
264 silly reify   '/Users/amandacorcoran/Documents/patternpal-pro/node_modules/@tailwindcss/oxide-linux-x64-musl'
264 silly reify ]
265 verbose reify failed optional dependency /Users/amandacorcoran/Documents/patternpal-pro/node_modules/@tailwindcss/oxide-linux-x64-gnu
266 silly reify mark deleted [
266 silly reify   '/Users/amandacorcoran/Documents/patternpal-pro/node_modules/@tailwindcss/oxide-linux-x64-gnu'
266 silly reify ]
267 verbose reify failed optional dependency /Users/amandacorcoran/Documents/patternpal-pro/node_modules/@tailwindcss/oxide-linux-arm64-musl
268 silly reify mark deleted [
268 silly reify   '/Users/amandacorcoran/Documents/patternpal-pro/node_modules/@tailwindcss/oxide-linux-arm64-musl'
268 silly reify ]
269 verbose reify failed optional dependency /Users/amandacorcoran/Documents/patternpal-pro/node_modules/@tailwindcss/oxide-linux-arm64-gnu
270 silly reify mark deleted [
270 silly reify   '/Users/amandacorcoran/Documents/patternpal-pro/node_modules/@tailwindcss/oxide-linux-arm64-gnu'
270 silly reify ]
271 verbose reify failed optional dependency /Users/amandacorcoran/Documents/patternpal-pro/node_modules/@tailwindcss/oxide-linux-arm-gnueabihf
272 silly reify mark deleted [
272 silly reify   '/Users/amandacorcoran/Documents/patternpal-pro/node_modules/@tailwindcss/oxide-linux-arm-gnueabihf'
272 silly reify ]
273 verbose reify failed optional dependency /Users/amandacorcoran/Documents/patternpal-pro/node_modules/@tailwindcss/oxide-freebsd-x64
274 silly reify mark deleted [
274 silly reify   '/Users/amandacorcoran/Documents/patternpal-pro/node_modules/@tailwindcss/oxide-freebsd-x64'
274 silly reify ]
275 verbose reify failed optional dependency /Users/amandacorcoran/Documents/patternpal-pro/node_modules/@tailwindcss/oxide-darwin-x64
276 silly reify mark deleted [
276 silly reify   '/Users/amandacorcoran/Documents/patternpal-pro/node_modules/@tailwindcss/oxide-darwin-x64'
276 silly reify ]
277 verbose reify failed optional dependency /Users/amandacorcoran/Documents/patternpal-pro/node_modules/@tailwindcss/oxide-android-arm64
278 silly reify mark deleted [
278 silly reify   '/Users/amandacorcoran/Documents/patternpal-pro/node_modules/@tailwindcss/oxide-android-arm64'
278 silly reify ]
279 verbose reify failed optional dependency /Users/amandacorcoran/Documents/patternpal-pro/node_modules/@next/swc-win32-x64-msvc
280 silly reify mark deleted [
280 silly reify   '/Users/amandacorcoran/Documents/patternpal-pro/node_modules/@next/swc-win32-x64-msvc'
280 silly reify ]
281 verbose reify failed optional dependency /Users/amandacorcoran/Documents/patternpal-pro/node_modules/@next/swc-win32-arm64-msvc
282 silly reify mark deleted [
282 silly reify   '/Users/amandacorcoran/Documents/patternpal-pro/node_modules/@next/swc-win32-arm64-msvc'
282 silly reify ]
283 verbose reify failed optional dependency /Users/amandacorcoran/Documents/patternpal-pro/node_modules/@next/swc-linux-x64-musl
284 silly reify mark deleted [
284 silly reify   '/Users/amandacorcoran/Documents/patternpal-pro/node_modules/@next/swc-linux-x64-musl'
284 silly reify ]
285 verbose reify failed optional dependency /Users/amandacorcoran/Documents/patternpal-pro/node_modules/@next/swc-linux-x64-gnu
286 silly reify mark deleted [
286 silly reify   '/Users/amandacorcoran/Documents/patternpal-pro/node_modules/@next/swc-linux-x64-gnu'
286 silly reify ]
287 verbose reify failed optional dependency /Users/amandacorcoran/Documents/patternpal-pro/node_modules/@next/swc-linux-arm64-musl
288 silly reify mark deleted [
288 silly reify   '/Users/amandacorcoran/Documents/patternpal-pro/node_modules/@next/swc-linux-arm64-musl'
288 silly reify ]
289 verbose reify failed optional dependency /Users/amandacorcoran/Documents/patternpal-pro/node_modules/@next/swc-linux-arm64-gnu
290 silly reify mark deleted [
290 silly reify   '/Users/amandacorcoran/Documents/patternpal-pro/node_modules/@next/swc-linux-arm64-gnu'
290 silly reify ]
291 verbose reify failed optional dependency /Users/amandacorcoran/Documents/patternpal-pro/node_modules/@next/swc-darwin-x64
292 silly reify mark deleted [
292 silly reify   '/Users/amandacorcoran/Documents/patternpal-pro/node_modules/@next/swc-darwin-x64'
292 silly reify ]
293 verbose reify failed optional dependency /Users/amandacorcoran/Documents/patternpal-pro/node_modules/@img/sharp-win32-x64
294 silly reify mark deleted [
294 silly reify   '/Users/amandacorcoran/Documents/patternpal-pro/node_modules/@img/sharp-win32-x64'
294 silly reify ]
295 verbose reify failed optional dependency /Users/amandacorcoran/Documents/patternpal-pro/node_modules/@img/sharp-win32-ia32
296 silly reify mark deleted [
296 silly reify   '/Users/amandacorcoran/Documents/patternpal-pro/node_modules/@img/sharp-win32-ia32'
296 silly reify ]
297 verbose reify failed optional dependency /Users/amandacorcoran/Documents/patternpal-pro/node_modules/@img/sharp-win32-arm64
298 silly reify mark deleted [
298 silly reify   '/Users/amandacorcoran/Documents/patternpal-pro/node_modules/@img/sharp-win32-arm64'
298 silly reify ]
299 verbose reify failed optional dependency /Users/amandacorcoran/Documents/patternpal-pro/node_modules/@img/sharp-wasm32
300 silly reify mark deleted [
300 silly reify   '/Users/amandacorcoran/Documents/patternpal-pro/node_modules/@img/sharp-wasm32'
300 silly reify ]
301 verbose reify failed optional dependency /Users/amandacorcoran/Documents/patternpal-pro/node_modules/@img/sharp-linuxmusl-x64
302 silly reify mark deleted [
302 silly reify   '/Users/amandacorcoran/Documents/patternpal-pro/node_modules/@img/sharp-linuxmusl-x64'
302 silly reify ]
303 verbose reify failed optional dependency /Users/amandacorcoran/Documents/patternpal-pro/node_modules/@img/sharp-linuxmusl-arm64
304 silly reify mark deleted [
304 silly reify   '/Users/amandacorcoran/Documents/patternpal-pro/node_modules/@img/sharp-linuxmusl-arm64'
304 silly reify ]
305 verbose reify failed optional dependency /Users/amandacorcoran/Documents/patternpal-pro/node_modules/@img/sharp-linux-x64
306 silly reify mark deleted [
306 silly reify   '/Users/amandacorcoran/Documents/patternpal-pro/node_modules/@img/sharp-linux-x64'
306 silly reify ]
307 verbose reify failed optional dependency /Users/amandacorcoran/Documents/patternpal-pro/node_modules/@img/sharp-linux-s390x
308 silly reify mark deleted [
308 silly reify   '/Users/amandacorcoran/Documents/patternpal-pro/node_modules/@img/sharp-linux-s390x'
308 silly reify ]
309 verbose reify failed optional dependency /Users/amandacorcoran/Documents/patternpal-pro/node_modules/@img/sharp-linux-riscv64
310 silly reify mark deleted [
310 silly reify   '/Users/amandacorcoran/Documents/patternpal-pro/node_modules/@img/sharp-linux-riscv64'
310 silly reify ]
311 verbose reify failed optional dependency /Users/amandacorcoran/Documents/patternpal-pro/node_modules/@img/sharp-linux-ppc64
312 silly reify mark deleted [
312 silly reify   '/Users/amandacorcoran/Documents/patternpal-pro/node_modules/@img/sharp-linux-ppc64'
312 silly reify ]
313 verbose reify failed optional dependency /Users/amandacorcoran/Documents/patternpal-pro/node_modules/@img/sharp-linux-arm64
314 silly reify mark deleted [
314 silly reify   '/Users/amandacorcoran/Documents/patternpal-pro/node_modules/@img/sharp-linux-arm64'
314 silly reify ]
315 verbose reify failed optional dependency /Users/amandacorcoran/Documents/patternpal-pro/node_modules/@img/sharp-linux-arm
316 silly reify mark deleted [
316 silly reify   '/Users/amandacorcoran/Documents/patternpal-pro/node_modules/@img/sharp-linux-arm'
316 silly reify ]
317 verbose reify failed optional dependency /Users/amandacorcoran/Documents/patternpal-pro/node_modules/@img/sharp-libvips-linuxmusl-x64
318 silly reify mark deleted [
318 silly reify   '/Users/amandacorcoran/Documents/patternpal-pro/node_modules/@img/sharp-libvips-linuxmusl-x64'
318 silly reify ]
319 verbose reify failed optional dependency /Users/amandacorcoran/Documents/patternpal-pro/node_modules/@img/sharp-libvips-linuxmusl-arm64
320 silly reify mark deleted [
320 silly reify   '/Users/amandacorcoran/Documents/patternpal-pro/node_modules/@img/sharp-libvips-linuxmusl-arm64'
320 silly reify ]
321 verbose reify failed optional dependency /Users/amandacorcoran/Documents/patternpal-pro/node_modules/@img/sharp-libvips-linux-x64
322 silly reify mark deleted [
322 silly reify   '/Users/amandacorcoran/Documents/patternpal-pro/node_modules/@img/sharp-libvips-linux-x64'
322 silly reify ]
323 verbose reify failed optional dependency /Users/amandacorcoran/Documents/patternpal-pro/node_modules/@img/sharp-libvips-linux-s390x
324 silly reify mark deleted [
324 silly reify   '/Users/amandacorcoran/Documents/patternpal-pro/node_modules/@img/sharp-libvips-linux-s390x'
324 silly reify ]
325 verbose reify failed optional dependency /Users/amandacorcoran/Documents/patternpal-pro/node_modules/@img/sharp-libvips-linux-riscv64
326 silly reify mark deleted [
326 silly reify   '/Users/amandacorcoran/Documents/patternpal-pro/node_modules/@img/sharp-libvips-linux-riscv64'
326 silly reify ]
327 verbose reify failed optional dependency /Users/amandacorcoran/Documents/patternpal-pro/node_modules/@img/sharp-libvips-linux-ppc64
328 silly reify mark deleted [
328 silly reify   '/Users/amandacorcoran/Documents/patternpal-pro/node_modules/@img/sharp-libvips-linux-ppc64'
328 silly reify ]
329 verbose reify failed optional dependency /Users/amandacorcoran/Documents/patternpal-pro/node_modules/@img/sharp-libvips-linux-arm64
330 silly reify mark deleted [
330 silly reify   '/Users/amandacorcoran/Documents/patternpal-pro/node_modules/@img/sharp-libvips-linux-arm64'
330 silly reify ]
331 verbose reify failed optional dependency /Users/amandacorcoran/Documents/patternpal-pro/node_modules/@img/sharp-libvips-linux-arm
332 silly reify mark deleted [
332 silly reify   '/Users/amandacorcoran/Documents/patternpal-pro/node_modules/@img/sharp-libvips-linux-arm'
332 silly reify ]
333 verbose reify failed optional dependency /Users/amandacorcoran/Documents/patternpal-pro/node_modules/@img/sharp-libvips-darwin-x64
334 silly reify mark deleted [
334 silly reify   '/Users/amandacorcoran/Documents/patternpal-pro/node_modules/@img/sharp-libvips-darwin-x64'
334 silly reify ]
335 verbose reify failed optional dependency /Users/amandacorcoran/Documents/patternpal-pro/node_modules/@img/sharp-darwin-x64
336 silly reify mark deleted [
336 silly reify   '/Users/amandacorcoran/Documents/patternpal-pro/node_modules/@img/sharp-darwin-x64'
336 silly reify ]
337 http cache qs@https://registry.npmjs.org/qs/-/qs-6.14.1.tgz 0ms (cache hit)
338 http cache use-sync-external-store@https://registry.npmjs.org/use-sync-external-store/-/use-sync-external-store-1.6.0.tgz 0ms (cache hit)
339 http cache fast-sha256@https://registry.npmjs.org/fast-sha256/-/fast-sha256-1.3.0.tgz 0ms (cache hit)
340 http cache js-cookie@https://registry.npmjs.org/js-cookie/-/js-cookie-3.0.5.tgz 0ms (cache hit)
341 http cache swr@https://registry.npmjs.org/swr/-/swr-2.3.4.tgz 0ms (cache hit)
342 http cache @stablelib/base64@https://registry.npmjs.org/@stablelib/base64/-/base64-1.0.1.tgz 0ms (cache hit)
343 http cache glob-to-regexp@https://registry.npmjs.org/glob-to-regexp/-/glob-to-regexp-0.4.1.tgz 0ms (cache hit)
344 http cache standardwebhooks@https://registry.npmjs.org/standardwebhooks/-/standardwebhooks-1.0.0.tgz 0ms (cache hit)
345 http cache std-env@https://registry.npmjs.org/std-env/-/std-env-3.10.0.tgz 0ms (cache hit)
346 http cache server-only@https://registry.npmjs.org/server-only/-/server-only-0.0.1.tgz 0ms (cache hit)
347 http cache dequal@https://registry.npmjs.org/dequal/-/dequal-2.0.3.tgz 0ms (cache hit)
348 http cache @clerk/clerk-react@https://registry.npmjs.org/@clerk/clerk-react/-/clerk-react-5.59.4.tgz 0ms (cache hit)
349 http cache @clerk/shared@https://registry.npmjs.org/@clerk/shared/-/shared-3.43.0.tgz 0ms (cache hit)
350 http cache stripe@https://registry.npmjs.org/stripe/-/stripe-20.2.0.tgz 0ms (cache hit)
351 http cache @clerk/backend@https://registry.npmjs.org/@clerk/backend/-/backend-2.29.3.tgz 0ms (cache hit)
352 http cache @clerk/types@https://registry.npmjs.org/@clerk/types/-/types-4.101.11.tgz 0ms (cache hit)
353 http cache @clerk/nextjs@https://registry.npmjs.org/@clerk/nextjs/-/nextjs-6.36.8.tgz 0ms (cache hit)
354 http cache @stripe/react-stripe-js@https://registry.npmjs.org/@stripe/react-stripe-js/-/react-stripe-js-5.4.1.tgz 0ms (cache hit)
355 http cache @stripe/stripe-js@https://registry.npmjs.org/@stripe/stripe-js/-/stripe-js-8.6.3.tgz 0ms (cache hit)
356 silly tarball no local data for qs@https://registry.npmjs.org/qs/-/qs-6.14.1.tgz. Extracting by manifest.
357 silly tarball no local data for use-sync-external-store@https://registry.npmjs.org/use-sync-external-store/-/use-sync-external-store-1.6.0.tgz. Extracting by manifest.
358 http cache react-dom@https://registry.npmjs.org/react-dom/-/react-dom-19.2.3.tgz 0ms (cache hit)
359 http cache csstype@https://registry.npmjs.org/csstype/-/csstype-3.1.3.tgz 0ms (cache hit)
360 silly tarball no local data for fast-sha256@https://registry.npmjs.org/fast-sha256/-/fast-sha256-1.3.0.tgz. Extracting by manifest.
361 http cache react@https://registry.npmjs.org/react/-/react-19.2.3.tgz 0ms (cache hit)
362 silly tarball no local data for js-cookie@https://registry.npmjs.org/js-cookie/-/js-cookie-3.0.5.tgz. Extracting by manifest.
363 silly tarball no local data for swr@https://registry.npmjs.org/swr/-/swr-2.3.4.tgz. Extracting by manifest.
364 silly tarball no local data for @stablelib/base64@https://registry.npmjs.org/@stablelib/base64/-/base64-1.0.1.tgz. Extracting by manifest.
365 silly tarball no local data for glob-to-regexp@https://registry.npmjs.org/glob-to-regexp/-/glob-to-regexp-0.4.1.tgz. Extracting by manifest.
366 silly tarball no local data for standardwebhooks@https://registry.npmjs.org/standardwebhooks/-/standardwebhooks-1.0.0.tgz. Extracting by manifest.
367 silly tarball no local data for std-env@https://registry.npmjs.org/std-env/-/std-env-3.10.0.tgz. Extracting by manifest.
368 silly tarball no local data for server-only@https://registry.npmjs.org/server-only/-/server-only-0.0.1.tgz. Extracting by manifest.
369 silly tarball no local data for dequal@https://registry.npmjs.org/dequal/-/dequal-2.0.3.tgz. Extracting by manifest.
370 silly tarball no local data for @clerk/clerk-react@https://registry.npmjs.org/@clerk/clerk-react/-/clerk-react-5.59.4.tgz. Extracting by manifest.
371 silly tarball no local data for @clerk/shared@https://registry.npmjs.org/@clerk/shared/-/shared-3.43.0.tgz. Extracting by manifest.
372 silly tarball no local data for stripe@https://registry.npmjs.org/stripe/-/stripe-20.2.0.tgz. Extracting by manifest.
373 silly tarball no local data for @clerk/backend@https://registry.npmjs.org/@clerk/backend/-/backend-2.29.3.tgz. Extracting by manifest.
374 silly tarball no local data for @clerk/types@https://registry.npmjs.org/@clerk/types/-/types-4.101.11.tgz. Extracting by manifest.
375 silly tarball no local data for @clerk/nextjs@https://registry.npmjs.org/@clerk/nextjs/-/nextjs-6.36.8.tgz. Extracting by manifest.
376 silly tarball no local data for @stripe/react-stripe-js@https://registry.npmjs.org/@stripe/react-stripe-js/-/react-stripe-js-5.4.1.tgz. Extracting by manifest.
377 silly tarball no local data for @stripe/stripe-js@https://registry.npmjs.org/@stripe/stripe-js/-/stripe-js-8.6.3.tgz. Extracting by manifest.
378 silly tarball no local data for react-dom@https://registry.npmjs.org/react-dom/-/react-dom-19.2.3.tgz. Extracting by manifest.
379 silly tarball no local data for csstype@https://registry.npmjs.org/csstype/-/csstype-3.1.3.tgz. Extracting by manifest.
380 silly tarball no local data for react@https://registry.npmjs.org/react/-/react-19.2.3.tgz. Extracting by manifest.
381 http fetch GET 200 https://registry.npmjs.org/js-cookie/-/js-cookie-3.0.5.tgz 44ms (cache miss)
382 http fetch GET 200 https://registry.npmjs.org/@stablelib/base64/-/base64-1.0.1.tgz 44ms (cache miss)
383 http fetch GET 200 https://registry.npmjs.org/fast-sha256/-/fast-sha256-1.3.0.tgz 45ms (cache miss)
384 http fetch GET 200 https://registry.npmjs.org/qs/-/qs-6.14.1.tgz 48ms (cache miss)
385 http fetch GET 200 https://registry.npmjs.org/use-sync-external-store/-/use-sync-external-store-1.6.0.tgz 50ms (cache miss)
386 http fetch GET 200 https://registry.npmjs.org/swr/-/swr-2.3.4.tgz 52ms (cache miss)
387 http fetch GET 200 https://registry.npmjs.org/server-only/-/server-only-0.0.1.tgz 64ms (cache miss)
388 http fetch GET 200 https://registry.npmjs.org/dequal/-/dequal-2.0.3.tgz 69ms (cache miss)
389 http fetch GET 200 https://registry.npmjs.org/glob-to-regexp/-/glob-to-regexp-0.4.1.tgz 69ms (cache miss)
390 http fetch GET 200 https://registry.npmjs.org/standardwebhooks/-/standardwebhooks-1.0.0.tgz 69ms (cache miss)
391 http fetch GET 200 https://registry.npmjs.org/std-env/-/std-env-3.10.0.tgz 71ms (cache miss)
392 http fetch POST 200 https://registry.npmjs.org/-/npm/v1/security/advisories/bulk 135ms
393 silly audit report {
393 silly audit report   next: [
393 silly audit report     {
393 silly audit report       id: 1111374,
393 silly audit report       url: 'https://github.com/advisories/GHSA-w37m-7fhw-fmv9',
393 silly audit report       title: 'Next Server Actions Source Code Exposure ',
393 silly audit report       severity: 'moderate',
393 silly audit report       vulnerable_versions: '>=16.0.0-beta.0 <16.0.9',
393 silly audit report       cwe: [Array],
393 silly audit report       cvss: [Object]
393 silly audit report     },
393 silly audit report     {
393 silly audit report       id: 1111383,
393 silly audit report       url: 'https://github.com/advisories/GHSA-mwv6-3258-q52c',
393 silly audit report       title: 'Next Vulnerable to Denial of Service with Server Components',
393 silly audit report       severity: 'high',
393 silly audit report       vulnerable_versions: '>=16.0.0-beta.0 <16.0.9',
393 silly audit report       cwe: [Array],
393 silly audit report       cvss: [Object]
393 silly audit report     }
393 silly audit report   ]
393 silly audit report }
394 silly packumentCache corgi:https://registry.npmjs.org/next cache-miss
395 http fetch GET 200 https://registry.npmjs.org/react/-/react-19.2.3.tgz 143ms (cache miss)
396 http fetch GET 200 https://registry.npmjs.org/csstype/-/csstype-3.1.3.tgz 151ms (cache miss)
397 http fetch GET 200 https://registry.npmjs.org/stripe/-/stripe-20.2.0.tgz 153ms (cache miss)
398 http fetch GET 200 https://registry.npmjs.org/@clerk/types/-/types-4.101.11.tgz 157ms (cache miss)
399 http fetch GET 200 https://registry.npmjs.org/@stripe/react-stripe-js/-/react-stripe-js-5.4.1.tgz 226ms (cache miss)
400 http fetch GET 200 https://registry.npmjs.org/react-dom/-/react-dom-19.2.3.tgz 237ms (cache miss)
401 http fetch GET 200 https://registry.npmjs.org/@clerk/clerk-react/-/clerk-react-5.59.4.tgz 240ms (cache miss)
402 http fetch GET 200 https://registry.npmjs.org/@clerk/backend/-/backend-2.29.3.tgz 287ms (cache miss)
403 http fetch GET 200 https://registry.npmjs.org/@clerk/nextjs/-/nextjs-6.36.8.tgz 291ms (cache miss)
404 http fetch GET 200 https://registry.npmjs.org/@clerk/shared/-/shared-3.43.0.tgz 337ms (cache miss)
405 http fetch GET 200 https://registry.npmjs.org/@stripe/stripe-js/-/stripe-js-8.6.3.tgz 361ms (cache miss)
406 info run @clerk/shared@3.43.0 postinstall node_modules/@clerk/shared node ./scripts/postinstall.mjs
407 info run @clerk/shared@3.43.0 postinstall { code: 0, signal: null }
408 http fetch GET 200 https://registry.npmjs.org/next 507ms (cache miss)
409 silly packumentCache corgi:https://registry.npmjs.org/next set size:undefined disposed:false
410 silly packumentCache corgi:https://registry.npmjs.org/@clerk%2fnextjs cache-miss
411 http fetch GET 200 https://registry.npmjs.org/@clerk%2fnextjs 306ms (cache miss)
412 silly packumentCache corgi:https://registry.npmjs.org/@clerk%2fnextjs set size:undefined disposed:false
413 silly ADD node_modules/use-sync-external-store
414 silly ADD node_modules/qs
415 silly ADD node_modules/fast-sha256
416 silly ADD node_modules/@stablelib/base64
417 silly ADD node_modules/swr
418 silly ADD node_modules/std-env
419 silly ADD node_modules/js-cookie
420 silly ADD node_modules/glob-to-regexp
421 silly ADD node_modules/dequal
422 silly ADD node_modules/standardwebhooks
423 silly ADD node_modules/server-only
424 silly ADD node_modules/@clerk/types
425 silly ADD node_modules/@clerk/shared
426 silly ADD node_modules/@clerk/shared/node_modules/csstype
427 silly ADD node_modules/@clerk/clerk-react
428 silly ADD node_modules/@clerk/backend
429 silly ADD node_modules/stripe
430 silly ADD node_modules/@stripe/stripe-js
431 silly ADD node_modules/@stripe/react-stripe-js
432 silly ADD node_modules/@clerk/nextjs
433 silly ADD
434 silly ADD
435 silly ADD
436 silly ADD
437 silly ADD
438 silly ADD
439 silly ADD
440 silly ADD
441 silly ADD
442 silly ADD
443 silly ADD
444 silly ADD
445 silly ADD
446 silly ADD
447 silly ADD
448 silly ADD
449 silly ADD
450 silly ADD
451 silly ADD
452 silly ADD
453 silly ADD
454 silly ADD
455 silly ADD
456 silly ADD
457 silly ADD
458 silly ADD
459 silly ADD
460 silly ADD
461 silly ADD
462 silly ADD
463 silly ADD
464 silly ADD
465 silly ADD
466 silly ADD
467 silly ADD
468 silly ADD
469 silly ADD
470 silly ADD
471 silly ADD
472 silly ADD
473 silly ADD
474 silly ADD
475 silly ADD
476 silly ADD
477 silly ADD
478 silly ADD
479 silly ADD
480 silly ADD
481 silly ADD
482 silly ADD
483 silly ADD
484 silly ADD
485 silly ADD
486 silly ADD
487 silly ADD
488 silly ADD
489 silly ADD
490 silly ADD
491 silly ADD
492 silly ADD
493 silly ADD
494 silly ADD
495 silly ADD
496 silly ADD
497 silly ADD
498 silly ADD
499 silly ADD
500 silly ADD
501 silly REMOVE node_modules/utrie
502 silly REMOVE node_modules/util-deprecate
503 silly REMOVE node_modules/text-segmentation
504 silly REMOVE node_modules/svg-pathdata
505 silly REMOVE node_modules/string_decoder
506 silly REMOVE node_modules/stackblur-canvas
507 silly REMOVE node_modules/setimmediate
508 silly REMOVE node_modules/safe-buffer
509 silly REMOVE node_modules/rgbcolor
510 silly REMOVE node_modules/regenerator-runtime
511 silly REMOVE node_modules/readable-stream
512 silly REMOVE node_modules/readable-stream/node_modules/isarray
513 silly CHANGE node_modules/react-dom
514 silly CHANGE node_modules/react
515 silly REMOVE node_modules/raf
516 silly REMOVE node_modules/process-nextick-args
517 silly REMOVE node_modules/performance-now
518 silly REMOVE node_modules/pako
519 silly REMOVE node_modules/lie
520 silly REMOVE node_modules/jszip
521 silly REMOVE node_modules/jspdf
522 silly REMOVE node_modules/iobuffer
523 silly REMOVE node_modules/inherits
524 silly REMOVE node_modules/immediate
525 silly REMOVE node_modules/html2canvas
526 silly REMOVE node_modules/fflate
527 silly REMOVE node_modules/fast-png
528 silly REMOVE node_modules/fast-png/node_modules/pako
529 silly REMOVE node_modules/exif-js
530 silly REMOVE node_modules/dompurify
531 silly REMOVE node_modules/css-line-break
532 silly REMOVE node_modules/core-util-is
533 silly REMOVE node_modules/core-js
534 silly REMOVE node_modules/canvg
535 silly REMOVE node_modules/base64-arraybuffer
536 silly REMOVE node_modules/@types/trusted-types
537 silly REMOVE node_modules/@types/raf
538 silly REMOVE node_modules/@types/pako
539 silly REMOVE node_modules/@types/jszip
540 silly REMOVE node_modules/@babel/runtime
541 verbose cwd /Users/amandacorcoran/Documents/patternpal-pro
542 verbose os Darwin 25.1.0
543 verbose node v22.16.0
544 verbose npm  v10.9.2
545 verbose exit 0
546 info ok
